 00 00 00 00 00 00 00 00 00 00 00 4f 00 00 00 01 
 02 b0 69 45 7c 00 00 00 00 00 00 00 00 01 91 e0 
 5a f8 18 00 00 01 91 e0 5a f8 18 ff ff ff ff ff 
 ff ff ff ff ff ff ff ff ff 00 00 00 01 3a 00 00 
 00 01 2e 01 0c 00 11 6d 65 74 61 64 61 74 61 2e 
 76 65 72 73 69 6f 6e 00 14 00 00 00 00 00 00 00 
 00 00 01 00 00 00 e4 00 00 00 01 02 24 db 12 dd 
 00 00 00 00 00 02 00 00 01 91 e0 5b 2d 15 00 00 
 01 91 e0 5b 2d 15 ff ff ff ff ff ff ff ff ff ff 
 ff ff ff ff 00 00 00 03 3c 00 00 00 01 30 01 02 
 00 04 73 61 7a 00 00 00 00 00 00 40 00 80 00 00 
 00 00 00 00 91 00 00 90 01 00 00 02 01 82 01 01 
 03 01 00 00 00 00 00 00 00 00 00 00 40 00 80 00 
 00 00 00 00 00 91 02 00 00 00 01 02 00 00 00 01 
 01 01 00 00 00 01 00 00 00 00 00 00 00 00 02 10 
 00 00 00 00 00 40 00 80 00 00 00 00 00 00 01 00 
 00 90 01 00 00 04 01 82 01 01 03 01 00 00 00 01 
 00 00 00 00 00 00 40 00 80 00 00 00 00 00 00 91 
 02 00 00 00 01 02 00 00 00 01 01 01 00 00 00 01 
 00 00 00 00 00 00 00 00 02 10 00 00 00 00 00 40 
 00 80 00 00 00 00 00 00 01 00 00 